
C:\Users\ABDULL~1\AppData\Local\Temp\arduino_build_778605/sketch_mar28c.ino.elf:     file format elf32-avr


Disassembly of section .text:

00000000 <__vectors>:
__vectors():
   0:	0c 94 2a 00 	jmp	0x54	; 0x54 <__ctors_end>
   4:	0c 94 3c 00 	jmp	0x78	; 0x78 <__bad_interrupt>
   8:	0c 94 3c 00 	jmp	0x78	; 0x78 <__bad_interrupt>
   c:	0c 94 3e 00 	jmp	0x7c	; 0x7c <__vector_3>
  10:	0c 94 3c 00 	jmp	0x78	; 0x78 <__bad_interrupt>
  14:	0c 94 3c 00 	jmp	0x78	; 0x78 <__bad_interrupt>
  18:	0c 94 3c 00 	jmp	0x78	; 0x78 <__bad_interrupt>
  1c:	0c 94 3c 00 	jmp	0x78	; 0x78 <__bad_interrupt>
  20:	0c 94 3c 00 	jmp	0x78	; 0x78 <__bad_interrupt>
  24:	0c 94 3c 00 	jmp	0x78	; 0x78 <__bad_interrupt>
  28:	0c 94 3c 00 	jmp	0x78	; 0x78 <__bad_interrupt>
  2c:	0c 94 3c 00 	jmp	0x78	; 0x78 <__bad_interrupt>
  30:	0c 94 3c 00 	jmp	0x78	; 0x78 <__bad_interrupt>
  34:	0c 94 3c 00 	jmp	0x78	; 0x78 <__bad_interrupt>
  38:	0c 94 3c 00 	jmp	0x78	; 0x78 <__bad_interrupt>
  3c:	0c 94 3c 00 	jmp	0x78	; 0x78 <__bad_interrupt>
  40:	0c 94 3c 00 	jmp	0x78	; 0x78 <__bad_interrupt>
  44:	0c 94 3c 00 	jmp	0x78	; 0x78 <__bad_interrupt>
  48:	0c 94 3c 00 	jmp	0x78	; 0x78 <__bad_interrupt>
  4c:	0c 94 3c 00 	jmp	0x78	; 0x78 <__bad_interrupt>
  50:	0c 94 3c 00 	jmp	0x78	; 0x78 <__bad_interrupt>

00000054 <__ctors_end>:
__trampolines_start():
  54:	11 24       	eor	r1, r1
  56:	1f be       	out	0x3f, r1	; 63
  58:	cf e5       	ldi	r28, 0x5F	; 95
  5a:	d8 e0       	ldi	r29, 0x08	; 8
  5c:	de bf       	out	0x3e, r29	; 62
  5e:	cd bf       	out	0x3d, r28	; 61

00000060 <__do_clear_bss>:
__do_clear_bss():
/home/jenkins-mingw32/workspace/avr-gcc-staging/label/Ubuntu14.04x64-mingw32/gcc-build/avr/avr5/libgcc/../../../../gcc/libgcc/config/avr/lib1funcs.S:2441
  60:	20 e0       	ldi	r18, 0x00	; 0
/home/jenkins-mingw32/workspace/avr-gcc-staging/label/Ubuntu14.04x64-mingw32/gcc-build/avr/avr5/libgcc/../../../../gcc/libgcc/config/avr/lib1funcs.S:2442
  62:	a0 e6       	ldi	r26, 0x60	; 96
/home/jenkins-mingw32/workspace/avr-gcc-staging/label/Ubuntu14.04x64-mingw32/gcc-build/avr/avr5/libgcc/../../../../gcc/libgcc/config/avr/lib1funcs.S:2443
  64:	b0 e0       	ldi	r27, 0x00	; 0
/home/jenkins-mingw32/workspace/avr-gcc-staging/label/Ubuntu14.04x64-mingw32/gcc-build/avr/avr5/libgcc/../../../../gcc/libgcc/config/avr/lib1funcs.S:2444
  66:	01 c0       	rjmp	.+2      	; 0x6a <.do_clear_bss_start>

00000068 <.do_clear_bss_loop>:
/home/jenkins-mingw32/workspace/avr-gcc-staging/label/Ubuntu14.04x64-mingw32/gcc-build/avr/avr5/libgcc/../../../../gcc/libgcc/config/avr/lib1funcs.S:2446
  68:	1d 92       	st	X+, r1

0000006a <.do_clear_bss_start>:
/home/jenkins-mingw32/workspace/avr-gcc-staging/label/Ubuntu14.04x64-mingw32/gcc-build/avr/avr5/libgcc/../../../../gcc/libgcc/config/avr/lib1funcs.S:2448
  6a:	a1 36       	cpi	r26, 0x61	; 97
/home/jenkins-mingw32/workspace/avr-gcc-staging/label/Ubuntu14.04x64-mingw32/gcc-build/avr/avr5/libgcc/../../../../gcc/libgcc/config/avr/lib1funcs.S:2449
  6c:	b2 07       	cpc	r27, r18
/home/jenkins-mingw32/workspace/avr-gcc-staging/label/Ubuntu14.04x64-mingw32/gcc-build/avr/avr5/libgcc/../../../../gcc/libgcc/config/avr/lib1funcs.S:2450
  6e:	e1 f7       	brne	.-8      	; 0x68 <.do_clear_bss_loop>
.do_clear_bss_start():
  70:	0e 94 57 00 	call	0xae	; 0xae <main>
  74:	0c 94 66 00 	jmp	0xcc	; 0xcc <_exit>

00000078 <__bad_interrupt>:
__vector_1():
  78:	0c 94 00 00 	jmp	0	; 0x0 <__vectors>

0000007c <__vector_3>:
__vector_3():
C:\Users\ABDULLAH REDA\Documents\Arduino\sketch_mar28c/sketch_mar28c.ino:7
#include <avr/interrupt.h>

unsigned char count = 0;

ISR(INT2_vect)
{
  7c:	1f 92       	push	r1
  7e:	0f 92       	push	r0
  80:	0f b6       	in	r0, 0x3f	; 63
  82:	0f 92       	push	r0
  84:	11 24       	eor	r1, r1
  86:	8f 93       	push	r24
  88:	9f 93       	push	r25
C:\Users\ABDULLAH REDA\Documents\Arduino\sketch_mar28c/sketch_mar28c.ino:8
  PORTC = (PORTC&0xF0) | count;
  8a:	85 b3       	in	r24, 0x15	; 21
  8c:	80 7f       	andi	r24, 0xF0	; 240
  8e:	90 91 60 00 	lds	r25, 0x0060	; 0x800060 <__DATA_REGION_ORIGIN__>
  92:	89 2b       	or	r24, r25
  94:	85 bb       	out	0x15, r24	; 21
C:\Users\ABDULLAH REDA\Documents\Arduino\sketch_mar28c/sketch_mar28c.ino:9
  count++;
  96:	80 91 60 00 	lds	r24, 0x0060	; 0x800060 <__DATA_REGION_ORIGIN__>
  9a:	8f 5f       	subi	r24, 0xFF	; 255
  9c:	80 93 60 00 	sts	0x0060, r24	; 0x800060 <__DATA_REGION_ORIGIN__>
C:\Users\ABDULLAH REDA\Documents\Arduino\sketch_mar28c/sketch_mar28c.ino:10
}
  a0:	9f 91       	pop	r25
  a2:	8f 91       	pop	r24
  a4:	0f 90       	pop	r0
  a6:	0f be       	out	0x3f, r0	; 63
  a8:	0f 90       	pop	r0
  aa:	1f 90       	pop	r1
  ac:	18 95       	reti

000000ae <main>:
main():
C:\Users\ABDULLAH REDA\Documents\Arduino\sketch_mar28c/sketch_mar28c.ino:13
void INT2_Init(void)
{
  DDRB  &= ~(1<<PB2);               
  ae:	ba 98       	cbi	0x17, 2	; 23
C:\Users\ABDULLAH REDA\Documents\Arduino\sketch_mar28c/sketch_mar28c.ino:14
  MCUCSR |= (1<<ISC2);                
  b0:	84 b7       	in	r24, 0x34	; 52
  b2:	80 64       	ori	r24, 0x40	; 64
  b4:	84 bf       	out	0x34, r24	; 52
C:\Users\ABDULLAH REDA\Documents\Arduino\sketch_mar28c/sketch_mar28c.ino:15
  GICR  |= (1<<INT2);                 
  b6:	8b b7       	in	r24, 0x3b	; 59
  b8:	80 62       	ori	r24, 0x20	; 32
  ba:	8b bf       	out	0x3b, r24	; 59
C:\Users\ABDULLAH REDA\Documents\Arduino\sketch_mar28c/sketch_mar28c.ino:16
  SREG  |= (1<<7);                    
  bc:	8f b7       	in	r24, 0x3f	; 63
  be:	80 68       	ori	r24, 0x80	; 128
  c0:	8f bf       	out	0x3f, r24	; 63
C:\Users\ABDULLAH REDA\Documents\Arduino\sketch_mar28c/sketch_mar28c.ino:20
}
int main(){
  INT2_Init();
  DDRC |= 0x0F;
  c2:	84 b3       	in	r24, 0x14	; 20
  c4:	8f 60       	ori	r24, 0x0F	; 15
  c6:	84 bb       	out	0x14, r24	; 20
C:\Users\ABDULLAH REDA\Documents\Arduino\sketch_mar28c/sketch_mar28c.ino:21
  DDRB &= ~(1<<PB2);
  c8:	ba 98       	cbi	0x17, 2	; 23
  ca:	ff cf       	rjmp	.-2      	; 0xca <main+0x1c>

000000cc <_exit>:
exit():
/home/jenkins-mingw32/workspace/avr-gcc-staging/label/Ubuntu14.04x64-mingw32/gcc-build/avr/avr5/libgcc/../../../../gcc/libgcc/config/avr/lib1funcs.S:2278
  cc:	f8 94       	cli

000000ce <__stop_program>:
__stop_program():
/home/jenkins-mingw32/workspace/avr-gcc-staging/label/Ubuntu14.04x64-mingw32/gcc-build/avr/avr5/libgcc/../../../../gcc/libgcc/config/avr/lib1funcs.S:2280
  ce:	ff cf       	rjmp	.-2      	; 0xce <__stop_program>
