
C:\Users\ABDULL~1\AppData\Local\Temp\arduino_build_687496/sketch_mar28a.ino.elf:     file format elf32-avr


Disassembly of section .text:

00000000 <__vectors>:
__vectors():
   0:	0c 94 2a 00 	jmp	0x54	; 0x54 <__ctors_end>
   4:	0c 94 34 00 	jmp	0x68	; 0x68 <__bad_interrupt>
   8:	0c 94 34 00 	jmp	0x68	; 0x68 <__bad_interrupt>
   c:	0c 94 34 00 	jmp	0x68	; 0x68 <__bad_interrupt>
  10:	0c 94 34 00 	jmp	0x68	; 0x68 <__bad_interrupt>
  14:	0c 94 34 00 	jmp	0x68	; 0x68 <__bad_interrupt>
  18:	0c 94 34 00 	jmp	0x68	; 0x68 <__bad_interrupt>
  1c:	0c 94 34 00 	jmp	0x68	; 0x68 <__bad_interrupt>
  20:	0c 94 34 00 	jmp	0x68	; 0x68 <__bad_interrupt>
  24:	0c 94 34 00 	jmp	0x68	; 0x68 <__bad_interrupt>
  28:	0c 94 34 00 	jmp	0x68	; 0x68 <__bad_interrupt>
  2c:	0c 94 34 00 	jmp	0x68	; 0x68 <__bad_interrupt>
  30:	0c 94 34 00 	jmp	0x68	; 0x68 <__bad_interrupt>
  34:	0c 94 34 00 	jmp	0x68	; 0x68 <__bad_interrupt>
  38:	0c 94 34 00 	jmp	0x68	; 0x68 <__bad_interrupt>
  3c:	0c 94 34 00 	jmp	0x68	; 0x68 <__bad_interrupt>
  40:	0c 94 34 00 	jmp	0x68	; 0x68 <__bad_interrupt>
  44:	0c 94 34 00 	jmp	0x68	; 0x68 <__bad_interrupt>
  48:	0c 94 34 00 	jmp	0x68	; 0x68 <__bad_interrupt>
  4c:	0c 94 34 00 	jmp	0x68	; 0x68 <__bad_interrupt>
  50:	0c 94 34 00 	jmp	0x68	; 0x68 <__bad_interrupt>

00000054 <__ctors_end>:
__trampolines_start():
  54:	11 24       	eor	r1, r1
  56:	1f be       	out	0x3f, r1	; 63
  58:	cf e5       	ldi	r28, 0x5F	; 95
  5a:	d8 e0       	ldi	r29, 0x08	; 8
  5c:	de bf       	out	0x3e, r29	; 62
  5e:	cd bf       	out	0x3d, r28	; 61
  60:	0e 94 7f 00 	call	0xfe	; 0xfe <main>
  64:	0c 94 bc 00 	jmp	0x178	; 0x178 <_exit>

00000068 <__bad_interrupt>:
__vector_1():
  68:	0c 94 00 00 	jmp	0	; 0x0 <__vectors>

0000006c <common_cathode_SevenSegment_Display(char)>:
_Z35common_cathode_SevenSegment_Displayc():
C:\Users\ABDULLAH REDA\Documents\Arduino\sketch_mar28a/sketch_mar28a.ino:6
#include <avr/io.h>
#include <avr/delay.h>

void common_cathode_SevenSegment_Display(char value)
{
  switch(value)
  6c:	8a 30       	cpi	r24, 0x0A	; 10
  6e:	38 f5       	brcc	.+78     	; 0xbe <common_cathode_SevenSegment_Display(char)+0x52>
  70:	e8 2f       	mov	r30, r24
  72:	88 0f       	add	r24, r24
  74:	ff 0b       	sbc	r31, r31
  76:	e1 5c       	subi	r30, 0xC1	; 193
  78:	ff 4f       	sbci	r31, 0xFF	; 255
  7a:	0c 94 b6 00 	jmp	0x16c	; 0x16c <__tablejump2__>
  7e:	49 00       	.word	0x0049	; ????
  80:	51 00       	.word	0x0051	; ????
  82:	58 00       	.word	0x0058	; ????
  84:	60 00       	.word	0x0060	; ????
  86:	66 00       	.word	0x0066	; ????
  88:	6b 00       	.word	0x006b	; ????
  8a:	71 00       	.word	0x0071	; ????
  8c:	78 00       	.word	0x0078	; ????
  8e:	7a 00       	.word	0x007a	; ????
  90:	7d 00       	.word	0x007d	; ????
C:\Users\ABDULLAH REDA\Documents\Arduino\sketch_mar28a/sketch_mar28a.ino:9
  {
    case 0:
    PORTA |= (1<<1);
  92:	d9 9a       	sbi	0x1b, 1	; 27
C:\Users\ABDULLAH REDA\Documents\Arduino\sketch_mar28a/sketch_mar28a.ino:10
    PORTA |= (1<<2);
  94:	da 9a       	sbi	0x1b, 2	; 27
C:\Users\ABDULLAH REDA\Documents\Arduino\sketch_mar28a/sketch_mar28a.ino:11
    PORTA |= (1<<3);
  96:	db 9a       	sbi	0x1b, 3	; 27
C:\Users\ABDULLAH REDA\Documents\Arduino\sketch_mar28a/sketch_mar28a.ino:12
    PORTA |= (1<<4);
  98:	dc 9a       	sbi	0x1b, 4	; 27
C:\Users\ABDULLAH REDA\Documents\Arduino\sketch_mar28a/sketch_mar28a.ino:13
    PORTA |= (1<<5);
  9a:	dd 9a       	sbi	0x1b, 5	; 27
C:\Users\ABDULLAH REDA\Documents\Arduino\sketch_mar28a/sketch_mar28a.ino:14
    PORTA |= (1<<6);
  9c:	de 9a       	sbi	0x1b, 6	; 27
C:\Users\ABDULLAH REDA\Documents\Arduino\sketch_mar28a/sketch_mar28a.ino:24
    PORTA |= (1<<2);
    PORTA |= (1<<3);
    PORTA &= ~(1<<4);
    PORTA &= ~(1<<5);
    PORTA &= ~(1<<6);
    PORTA &= ~(1<<7);
  9e:	df 98       	cbi	0x1b, 7	; 27
  a0:	08 95       	ret
C:\Users\ABDULLAH REDA\Documents\Arduino\sketch_mar28a/sketch_mar28a.ino:18
    PORTA |= (1<<5);
    PORTA |= (1<<6);
    PORTA &= ~(1<<7);
    break;
    case 1:
    PORTA &= ~(1<<1);
  a2:	d9 98       	cbi	0x1b, 1	; 27
C:\Users\ABDULLAH REDA\Documents\Arduino\sketch_mar28a/sketch_mar28a.ino:19
    PORTA |= (1<<2);
  a4:	da 9a       	sbi	0x1b, 2	; 27
C:\Users\ABDULLAH REDA\Documents\Arduino\sketch_mar28a/sketch_mar28a.ino:20
    PORTA |= (1<<3);
  a6:	db 9a       	sbi	0x1b, 3	; 27
C:\Users\ABDULLAH REDA\Documents\Arduino\sketch_mar28a/sketch_mar28a.ino:21
    PORTA &= ~(1<<4);
  a8:	dc 98       	cbi	0x1b, 4	; 27
C:\Users\ABDULLAH REDA\Documents\Arduino\sketch_mar28a/sketch_mar28a.ino:22
    PORTA &= ~(1<<5);
  aa:	dd 98       	cbi	0x1b, 5	; 27
C:\Users\ABDULLAH REDA\Documents\Arduino\sketch_mar28a/sketch_mar28a.ino:23
    PORTA &= ~(1<<6);
  ac:	de 98       	cbi	0x1b, 6	; 27
  ae:	f7 cf       	rjmp	.-18     	; 0x9e <common_cathode_SevenSegment_Display(char)+0x32>
C:\Users\ABDULLAH REDA\Documents\Arduino\sketch_mar28a/sketch_mar28a.ino:27
    PORTA &= ~(1<<7);
    break;
    case 2:
    PORTA |= (1<<1);
  b0:	d9 9a       	sbi	0x1b, 1	; 27
C:\Users\ABDULLAH REDA\Documents\Arduino\sketch_mar28a/sketch_mar28a.ino:28
    PORTA &= ~(1<<2);
  b2:	da 98       	cbi	0x1b, 2	; 27
C:\Users\ABDULLAH REDA\Documents\Arduino\sketch_mar28a/sketch_mar28a.ino:29
    PORTA |= (1<<3);
  b4:	db 9a       	sbi	0x1b, 3	; 27
C:\Users\ABDULLAH REDA\Documents\Arduino\sketch_mar28a/sketch_mar28a.ino:30
    PORTA |= (1<<4);
  b6:	dc 9a       	sbi	0x1b, 4	; 27
C:\Users\ABDULLAH REDA\Documents\Arduino\sketch_mar28a/sketch_mar28a.ino:31
    PORTA |= (1<<5);
  b8:	dd 9a       	sbi	0x1b, 5	; 27
C:\Users\ABDULLAH REDA\Documents\Arduino\sketch_mar28a/sketch_mar28a.ino:41
    PORTA |= (1<<1);
    PORTA |= (1<<2);
    PORTA |= (1<<3);
    PORTA |= (1<<4);
    PORTA &= ~(1<<5);
    PORTA &= ~(1<<6);
  ba:	de 98       	cbi	0x1b, 6	; 27
C:\Users\ABDULLAH REDA\Documents\Arduino\sketch_mar28a/sketch_mar28a.ino:96
    PORTA |= (1<<2);
    PORTA |= (1<<3);
    PORTA &= ~(1<<4);
    PORTA &= ~(1<<5);
    PORTA |= (1<<6);
    PORTA |= (1<<7);
  bc:	df 9a       	sbi	0x1b, 7	; 27
C:\Users\ABDULLAH REDA\Documents\Arduino\sketch_mar28a/sketch_mar28a.ino:101
    break;
     
    
  }
}
  be:	08 95       	ret
C:\Users\ABDULLAH REDA\Documents\Arduino\sketch_mar28a/sketch_mar28a.ino:36
    PORTA |= (1<<5);
    PORTA &= ~(1<<6);
    PORTA |= (1<<7);
    break;
    case 3:
    PORTA |= (1<<1);
  c0:	d9 9a       	sbi	0x1b, 1	; 27
C:\Users\ABDULLAH REDA\Documents\Arduino\sketch_mar28a/sketch_mar28a.ino:37
    PORTA |= (1<<2);
  c2:	da 9a       	sbi	0x1b, 2	; 27
C:\Users\ABDULLAH REDA\Documents\Arduino\sketch_mar28a/sketch_mar28a.ino:38
    PORTA |= (1<<3);
  c4:	db 9a       	sbi	0x1b, 3	; 27
C:\Users\ABDULLAH REDA\Documents\Arduino\sketch_mar28a/sketch_mar28a.ino:39
    PORTA |= (1<<4);
  c6:	dc 9a       	sbi	0x1b, 4	; 27
C:\Users\ABDULLAH REDA\Documents\Arduino\sketch_mar28a/sketch_mar28a.ino:40
    PORTA &= ~(1<<5);
  c8:	dd 98       	cbi	0x1b, 5	; 27
  ca:	f7 cf       	rjmp	.-18     	; 0xba <common_cathode_SevenSegment_Display(char)+0x4e>
C:\Users\ABDULLAH REDA\Documents\Arduino\sketch_mar28a/sketch_mar28a.ino:45
    PORTA &= ~(1<<6);
    PORTA |= (1<<7);
    break;
    case 4:
    PORTA &= ~(1<<1);
  cc:	d9 98       	cbi	0x1b, 1	; 27
C:\Users\ABDULLAH REDA\Documents\Arduino\sketch_mar28a/sketch_mar28a.ino:91
    PORTA |= (1<<6);
    PORTA |= (1<<7);
    break;
    case 9:
    PORTA |= (1<<1);
    PORTA |= (1<<2);
  ce:	da 9a       	sbi	0x1b, 2	; 27
C:\Users\ABDULLAH REDA\Documents\Arduino\sketch_mar28a/sketch_mar28a.ino:92
    PORTA |= (1<<3);
  d0:	db 9a       	sbi	0x1b, 3	; 27
C:\Users\ABDULLAH REDA\Documents\Arduino\sketch_mar28a/sketch_mar28a.ino:93
    PORTA &= ~(1<<4);
  d2:	dc 98       	cbi	0x1b, 4	; 27
  d4:	04 c0       	rjmp	.+8      	; 0xde <common_cathode_SevenSegment_Display(char)+0x72>
C:\Users\ABDULLAH REDA\Documents\Arduino\sketch_mar28a/sketch_mar28a.ino:54
    PORTA &= ~(1<<5);
    PORTA |= (1<<6);
    PORTA |= (1<<7);
    break;
    case 5:
    PORTA |= (1<<1);
  d6:	d9 9a       	sbi	0x1b, 1	; 27
C:\Users\ABDULLAH REDA\Documents\Arduino\sketch_mar28a/sketch_mar28a.ino:55
    PORTA &= ~(1<<2);
  d8:	da 98       	cbi	0x1b, 2	; 27
C:\Users\ABDULLAH REDA\Documents\Arduino\sketch_mar28a/sketch_mar28a.ino:56
    PORTA |= (1<<3);
  da:	db 9a       	sbi	0x1b, 3	; 27
C:\Users\ABDULLAH REDA\Documents\Arduino\sketch_mar28a/sketch_mar28a.ino:57
    PORTA |= (1<<4);
  dc:	dc 9a       	sbi	0x1b, 4	; 27
C:\Users\ABDULLAH REDA\Documents\Arduino\sketch_mar28a/sketch_mar28a.ino:94
    case 9:
    PORTA |= (1<<1);
    PORTA |= (1<<2);
    PORTA |= (1<<3);
    PORTA &= ~(1<<4);
    PORTA &= ~(1<<5);
  de:	dd 98       	cbi	0x1b, 5	; 27
  e0:	05 c0       	rjmp	.+10     	; 0xec <common_cathode_SevenSegment_Display(char)+0x80>
C:\Users\ABDULLAH REDA\Documents\Arduino\sketch_mar28a/sketch_mar28a.ino:63
    PORTA &= ~(1<<5);
    PORTA |= (1<<6);
    PORTA |= (1<<7);
    break;
    case 6:
    PORTA |= (1<<1);
  e2:	d9 9a       	sbi	0x1b, 1	; 27
C:\Users\ABDULLAH REDA\Documents\Arduino\sketch_mar28a/sketch_mar28a.ino:64
    PORTA &= ~(1<<2);
  e4:	da 98       	cbi	0x1b, 2	; 27
C:\Users\ABDULLAH REDA\Documents\Arduino\sketch_mar28a/sketch_mar28a.ino:83
    PORTA &= ~(1<<7);
    break;
    case 8:
    PORTA |= (1<<1);
    PORTA |= (1<<2);
    PORTA |= (1<<3);
  e6:	db 9a       	sbi	0x1b, 3	; 27
C:\Users\ABDULLAH REDA\Documents\Arduino\sketch_mar28a/sketch_mar28a.ino:84
    PORTA |= (1<<4);
  e8:	dc 9a       	sbi	0x1b, 4	; 27
C:\Users\ABDULLAH REDA\Documents\Arduino\sketch_mar28a/sketch_mar28a.ino:85
    PORTA |= (1<<5);
  ea:	dd 9a       	sbi	0x1b, 5	; 27
C:\Users\ABDULLAH REDA\Documents\Arduino\sketch_mar28a/sketch_mar28a.ino:95
    PORTA |= (1<<1);
    PORTA |= (1<<2);
    PORTA |= (1<<3);
    PORTA &= ~(1<<4);
    PORTA &= ~(1<<5);
    PORTA |= (1<<6);
  ec:	de 9a       	sbi	0x1b, 6	; 27
  ee:	e6 cf       	rjmp	.-52     	; 0xbc <common_cathode_SevenSegment_Display(char)+0x50>
C:\Users\ABDULLAH REDA\Documents\Arduino\sketch_mar28a/sketch_mar28a.ino:72
    PORTA |= (1<<5);
    PORTA |= (1<<6);
    PORTA |= (1<<7);
    break;
    case 7:
    PORTA |= (1<<1);
  f0:	d9 9a       	sbi	0x1b, 1	; 27
  f2:	d8 cf       	rjmp	.-80     	; 0xa4 <common_cathode_SevenSegment_Display(char)+0x38>
C:\Users\ABDULLAH REDA\Documents\Arduino\sketch_mar28a/sketch_mar28a.ino:81
    PORTA &= ~(1<<5);
    PORTA &= ~(1<<6);
    PORTA &= ~(1<<7);
    break;
    case 8:
    PORTA |= (1<<1);
  f4:	d9 9a       	sbi	0x1b, 1	; 27
C:\Users\ABDULLAH REDA\Documents\Arduino\sketch_mar28a/sketch_mar28a.ino:82
    PORTA |= (1<<2);
  f6:	da 9a       	sbi	0x1b, 2	; 27
  f8:	f6 cf       	rjmp	.-20     	; 0xe6 <common_cathode_SevenSegment_Display(char)+0x7a>
C:\Users\ABDULLAH REDA\Documents\Arduino\sketch_mar28a/sketch_mar28a.ino:90
    PORTA |= (1<<5);
    PORTA |= (1<<6);
    PORTA |= (1<<7);
    break;
    case 9:
    PORTA |= (1<<1);
  fa:	d9 9a       	sbi	0x1b, 1	; 27
  fc:	e8 cf       	rjmp	.-48     	; 0xce <common_cathode_SevenSegment_Display(char)+0x62>

000000fe <main>:
main():
C:\Users\ABDULLAH REDA\Documents\Arduino\sketch_mar28a/sketch_mar28a.ino:105
  }
}
int main(void)
{
  char num = 0;
  DDRD &= ~(1<<2) &~(1<<3);
  fe:	81 b3       	in	r24, 0x11	; 17
 100:	83 7f       	andi	r24, 0xF3	; 243
 102:	81 bb       	out	0x11, r24	; 17
C:\Users\ABDULLAH REDA\Documents\Arduino\sketch_mar28a/sketch_mar28a.ino:106
  DDRC |= (1<<6);
 104:	a6 9a       	sbi	0x14, 6	; 20
C:\Users\ABDULLAH REDA\Documents\Arduino\sketch_mar28a/sketch_mar28a.ino:107
  PORTC |= (1<<6);
 106:	ae 9a       	sbi	0x15, 6	; 21
C:\Users\ABDULLAH REDA\Documents\Arduino\sketch_mar28a/sketch_mar28a.ino:108
  DDRA |= 0xFE;
 108:	8a b3       	in	r24, 0x1a	; 26
 10a:	8e 6f       	ori	r24, 0xFE	; 254
 10c:	8a bb       	out	0x1a, r24	; 26
C:\Users\ABDULLAH REDA\Documents\Arduino\sketch_mar28a/sketch_mar28a.ino:109
  common_cathode_SevenSegment_Display(num);
 10e:	80 e0       	ldi	r24, 0x00	; 0
 110:	0e 94 36 00 	call	0x6c	; 0x6c <common_cathode_SevenSegment_Display(char)>
C:\Users\ABDULLAH REDA\Documents\Arduino\sketch_mar28a/sketch_mar28a.ino:104
    
  }
}
int main(void)
{
  char num = 0;
 114:	c0 e0       	ldi	r28, 0x00	; 0
C:\Users\ABDULLAH REDA\Documents\Arduino\sketch_mar28a/sketch_mar28a.ino:113
  DDRA |= 0xFE;
  common_cathode_SevenSegment_Display(num);

  while(1)
  {
    if( !(PIND & (1<<PD2)))
 116:	82 99       	sbic	0x10, 2	; 16
 118:	14 c0       	rjmp	.+40     	; 0x142 <main+0x44>
_delay_ms():
c:\users\abdullah reda\appdata\local\arduino15\packages\arduino\tools\avr-gcc\7.3.0-atmel3.6.1-arduino7\avr\include\util/delay.h:187
	#else
		//round up by default
		__ticks_dc = (uint32_t)(ceil(fabs(__tmp)));
	#endif

	__builtin_avr_delay_cycles(__ticks_dc);
 11a:	2f ef       	ldi	r18, 0xFF	; 255
 11c:	89 ef       	ldi	r24, 0xF9	; 249
 11e:	90 e0       	ldi	r25, 0x00	; 0
 120:	21 50       	subi	r18, 0x01	; 1
 122:	80 40       	sbci	r24, 0x00	; 0
 124:	90 40       	sbci	r25, 0x00	; 0
 126:	e1 f7       	brne	.-8      	; 0x120 <main+0x22>
 128:	00 c0       	rjmp	.+0      	; 0x12a <main+0x2c>
 12a:	00 00       	nop
main():
C:\Users\ABDULLAH REDA\Documents\Arduino\sketch_mar28a/sketch_mar28a.ino:116
    {
      _delay_ms(20);
      if( !(PIND & (1<<PD2)))
 12c:	82 99       	sbic	0x10, 2	; 16
 12e:	06 c0       	rjmp	.+12     	; 0x13c <main+0x3e>
C:\Users\ABDULLAH REDA\Documents\Arduino\sketch_mar28a/sketch_mar28a.ino:118
      {
        if(num != 9)
 130:	c9 30       	cpi	r28, 0x09	; 9
 132:	09 f0       	breq	.+2      	; 0x136 <main+0x38>
C:\Users\ABDULLAH REDA\Documents\Arduino\sketch_mar28a/sketch_mar28a.ino:120
        {
          num++;
 134:	cf 5f       	subi	r28, 0xFF	; 255
C:\Users\ABDULLAH REDA\Documents\Arduino\sketch_mar28a/sketch_mar28a.ino:122
        }
        common_cathode_SevenSegment_Display(num);
 136:	8c 2f       	mov	r24, r28
 138:	0e 94 36 00 	call	0x6c	; 0x6c <common_cathode_SevenSegment_Display(char)>
C:\Users\ABDULLAH REDA\Documents\Arduino\sketch_mar28a/sketch_mar28a.ino:124
      }
      while(!(PIND & (1<<PD2))){}
 13c:	82 9b       	sbis	0x10, 2	; 16
 13e:	fe cf       	rjmp	.-4      	; 0x13c <main+0x3e>
 140:	ea cf       	rjmp	.-44     	; 0x116 <main+0x18>
C:\Users\ABDULLAH REDA\Documents\Arduino\sketch_mar28a/sketch_mar28a.ino:126
    } 
    else if(!(PIND & (1<<PD3)))
 142:	83 99       	sbic	0x10, 3	; 16
 144:	e8 cf       	rjmp	.-48     	; 0x116 <main+0x18>
_delay_ms():
c:\users\abdullah reda\appdata\local\arduino15\packages\arduino\tools\avr-gcc\7.3.0-atmel3.6.1-arduino7\avr\include\util/delay.h:187
 146:	2f ef       	ldi	r18, 0xFF	; 255
 148:	89 ef       	ldi	r24, 0xF9	; 249
 14a:	90 e0       	ldi	r25, 0x00	; 0
 14c:	21 50       	subi	r18, 0x01	; 1
 14e:	80 40       	sbci	r24, 0x00	; 0
 150:	90 40       	sbci	r25, 0x00	; 0
 152:	e1 f7       	brne	.-8      	; 0x14c <main+0x4e>
 154:	00 c0       	rjmp	.+0      	; 0x156 <main+0x58>
 156:	00 00       	nop
main():
C:\Users\ABDULLAH REDA\Documents\Arduino\sketch_mar28a/sketch_mar28a.ino:129
    {
      _delay_ms(20);
      if( !(PIND & (1<<PD3)))
 158:	83 99       	sbic	0x10, 3	; 16
 15a:	05 c0       	rjmp	.+10     	; 0x166 <main+0x68>
C:\Users\ABDULLAH REDA\Documents\Arduino\sketch_mar28a/sketch_mar28a.ino:131
      {
        if(num != 0)
 15c:	c1 11       	cpse	r28, r1
C:\Users\ABDULLAH REDA\Documents\Arduino\sketch_mar28a/sketch_mar28a.ino:133
        {
          num--;
 15e:	c1 50       	subi	r28, 0x01	; 1
C:\Users\ABDULLAH REDA\Documents\Arduino\sketch_mar28a/sketch_mar28a.ino:135
        }
        common_cathode_SevenSegment_Display(num);
 160:	8c 2f       	mov	r24, r28
 162:	0e 94 36 00 	call	0x6c	; 0x6c <common_cathode_SevenSegment_Display(char)>
C:\Users\ABDULLAH REDA\Documents\Arduino\sketch_mar28a/sketch_mar28a.ino:137
      }
      while(!(PIND & (1<<PD3))){}
 166:	83 9b       	sbis	0x10, 3	; 16
 168:	fe cf       	rjmp	.-4      	; 0x166 <main+0x68>
 16a:	d5 cf       	rjmp	.-86     	; 0x116 <main+0x18>

0000016c <__tablejump2__>:
__tablejump2__():
/home/jenkins-mingw32/workspace/avr-gcc-staging/label/Ubuntu14.04x64-mingw32/gcc-build/avr/avr5/libgcc/../../../../gcc/libgcc/config/avr/lib1funcs.S:2296
 16c:	ee 0f       	add	r30, r30
/home/jenkins-mingw32/workspace/avr-gcc-staging/label/Ubuntu14.04x64-mingw32/gcc-build/avr/avr5/libgcc/../../../../gcc/libgcc/config/avr/lib1funcs.S:2297
 16e:	ff 1f       	adc	r31, r31
/home/jenkins-mingw32/workspace/avr-gcc-staging/label/Ubuntu14.04x64-mingw32/gcc-build/avr/avr5/libgcc/../../../../gcc/libgcc/config/avr/lib1funcs.S:2328
 170:	05 90       	lpm	r0, Z+
/home/jenkins-mingw32/workspace/avr-gcc-staging/label/Ubuntu14.04x64-mingw32/gcc-build/avr/avr5/libgcc/../../../../gcc/libgcc/config/avr/lib1funcs.S:2329
 172:	f4 91       	lpm	r31, Z
/home/jenkins-mingw32/workspace/avr-gcc-staging/label/Ubuntu14.04x64-mingw32/gcc-build/avr/avr5/libgcc/../../../../gcc/libgcc/config/avr/lib1funcs.S:2330
 174:	e0 2d       	mov	r30, r0
/home/jenkins-mingw32/workspace/avr-gcc-staging/label/Ubuntu14.04x64-mingw32/gcc-build/avr/avr5/libgcc/../../../../gcc/libgcc/config/avr/lib1funcs.S:2331
 176:	09 94       	ijmp

00000178 <_exit>:
exit():
/home/jenkins-mingw32/workspace/avr-gcc-staging/label/Ubuntu14.04x64-mingw32/gcc-build/avr/avr5/libgcc/../../../../gcc/libgcc/config/avr/lib1funcs.S:2278
 178:	f8 94       	cli

0000017a <__stop_program>:
__stop_program():
/home/jenkins-mingw32/workspace/avr-gcc-staging/label/Ubuntu14.04x64-mingw32/gcc-build/avr/avr5/libgcc/../../../../gcc/libgcc/config/avr/lib1funcs.S:2280
 17a:	ff cf       	rjmp	.-2      	; 0x17a <__stop_program>
